<?xml version="1.0" encoding="UTF-8"?>
<!-- Generated by org.testng.reporters.JUnitXMLReporter -->
<testsuite ignored="1" hostname="DESKTOP-QG8CIRA" failures="0" tests="7" name="Test" time="21.214" errors="0" timestamp="2024-01-28T01:10:41 IST">
  <testcase classname="orangeHRMTests.OrangeHRMLoginTest" name="provideUserName" time="2.11"/>
  <testcase classname="orangeHRMTests.OrangeHRMLoginTest" name="providePassword" time="0.068"/>
  <testcase classname="orangeHRMTests.OrangeHRMLoginTest" name="clickOnLoginButton" time="0.051"/>
  <testcase classname="orangeHRMTests.AdminUserCreationTest" name="clickOnAdmin" time="3.859"/>
  <testcase classname="orangeHRMTests.AdminUserCreationTest" name="clickOnAddButton" time="3.472"/>
  <testcase classname="orangeHRMTests.AdminUserCreationTest" name="provideUserDetails" time="7.448"/>
  <testcase classname="orangeHRMTests.AdminUserCreationTest" name="clickOnSaveButton" time="2.082"/>
  <testcase classname="orangeHRMTests.BaseTest" name="@BeforeSuite browserLaunch" time="0.0">
    <ignored/>
  </testcase> <!-- @BeforeSuite browserLaunch -->
</testsuite> <!-- Test -->
