<?xml version="1.0" encoding="UTF-8"?>
<testsuite xmlns:xsi="http://www.w3.org/2001/XMLSchema-instance" xsi:noNamespaceSchemaLocation="https://maven.apache.org/surefire/maven-surefire-plugin/xsd/surefire-test-report-3.0.xsd" version="3.0" name="TestSuite" time="27.461" tests="7" errors="0" skipped="0" failures="0">
  <properties>
[...]
</properties>
  <testcase name="provideUserName" classname="orangeHRMTests.OrangeHRMLoginTest" time="2.263">
    <system-out><![CDATA[test tag started Test
testcase startedprovideUserName
testcase passedprovideUserName
]]></system-out>
    <system-err><![CDATA[SLF4J: Failed to load class "org.slf4j.impl.StaticLoggerBinder".
SLF4J: Defaulting to no-operation (NOP) logger implementation
SLF4J: See http://www.slf4j.org/codes.html#StaticLoggerBinder for further details.
Jan 28, 2024 1:10:17 AM org.openqa.selenium.devtools.CdpVersionFinder findNearestMatch
WARNING: Unable to find an exact match for CDP version 121, returning the closest version; found: 120; Please update to a Selenium version that supports CDP version 121
]]></system-err>
  </testcase>
  <testcase name="providePassword" classname="orangeHRMTests.OrangeHRMLoginTest" time="0.188">
    <system-out><![CDATA[testcase startedprovidePassword
testcase passedprovidePassword
]]></system-out>
  </testcase>
  <testcase name="clickOnLoginButton" classname="orangeHRMTests.OrangeHRMLoginTest" time="1.281">
    <system-out><![CDATA[testcase startedclickOnLoginButton
testcase passedclickOnLoginButton
]]></system-out>
  </testcase>
  <testcase name="clickOnAdmin" classname="orangeHRMTests.AdminUserCreationTest" time="3.994">
    <system-out><![CDATA[testcase startedclickOnAdmin
testcase passedclickOnAdmin
]]></system-out>
  </testcase>
  <testcase name="clickOnAddButton" classname="orangeHRMTests.AdminUserCreationTest" time="3.592">
    <system-out><![CDATA[testcase startedclickOnAddButton
testcase passedclickOnAddButton
]]></system-out>
  </testcase>
  <testcase name="provideUserDetails" classname="orangeHRMTests.AdminUserCreationTest" time="7.59">
    <system-out><![CDATA[testcase startedprovideUserDetails
testcase passedprovideUserDetails
]]></system-out>
  </testcase>
  <testcase name="clickOnSaveButton" classname="orangeHRMTests.AdminUserCreationTest" time="2.217">
    <system-out><![CDATA[testcase startedclickOnSaveButton
testcase passedclickOnSaveButton
]]></system-out>
  </testcase>
</testsuite>